<?xml version="1.0" encoding="UTF-8"?>
<!-- Generated by org.testng.reporters.JUnitXMLReporter -->
<testsuite ignored="0" hostname="SUGU" failures="0" tests="9" name="Default test" time="0.168" errors="0" timestamp="2024-08-06T02:10:26 GMT-07:00">
  <testcase classname="maven_selenium.group" name="loginbyemail" time="0.015"/>
  <testcase classname="maven_selenium.group" name="Loginbyfacebook" time="0.003"/>
  <testcase classname="maven_selenium.group" name="paymentindollar" time="0.006"/>
  <testcase classname="maven_selenium.group" name="logininbytwitter" time="0.004"/>
  <testcase classname="maven_selenium.group" name="paymentinrupees" time="0.005"/>
  <testcase classname="maven_selenium.group" name="signupbyemail" time="0.004"/>
  <testcase classname="maven_selenium.group" name="signupbyfacebook" time="0.005"/>
  <testcase classname="maven_selenium.group" name="signupbytwitter" time="0.003"/>
  <testcase classname="maven_selenium.group" name="paymentreturnbybank" time="0.003"/>
</testsuite> <!-- Default test -->
